功能: 播放本地指定音乐并验证播放状态

  场景: 播放本地指定音乐并验证播放状态
    当 < 打开音乐应用 ... passed in 0.935s
    当 < 打开我的音乐库 ... passed in 1.927s
    当 < 播放本地指定音乐 ... failed in 12.028s
Traceback (most recent call last):
  File "/usr/local/lib/python3.4/site-packages/behave/model.py", line 1456, in run
    match.run(runner.context)
  File "/usr/local/lib/python3.4/site-packages/behave/model.py", line 1903, in run
    self.func(context, *args, **kwargs)
  File "steps/step_audio.py", line 18, in step_impl
    Audio().click_audio_mine_all_ele()
  File "/home/ogq/pateo/AT/ATP/autotestproject/actions/audio.py", line 423, in click_audio_mine_all_ele
    Utils().raise_Exception_info('本地全部歌曲控件不存在')
  File "/home/ogq/pateo/AT/ATP/autotestproject/utils/utils.py", line 110, in raise_Exception_info
    raise Exception('用例运行失败，' + err_msg + '请参考截图信息: file:///' + png_path)
Exception: 用例运行失败，本地全部歌曲控件不存在请参考截图信息: file:////home/ogq/pateo/AT/autotestLog/20160906/screenshots/20160906143038.png

Captured stdout:
/home/ogq/pateo/AT/autotestLog/20160906/screenshots/20160906143038.png
开始检查应用是否crash

      | music_name |
      | 小城故事       |

功能: 暂停音乐并验证播放状态暂停

  场景: 暂停音乐并验证播放状态暂停
    当 < 打开音乐应用 ... passed in 0.996s
    当 < 打开我的音乐库 ... failed in 11.487s
Traceback (most recent call last):
  File "/usr/local/lib/python3.4/site-packages/behave/model.py", line 1456, in run
    match.run(runner.context)
  File "/usr/local/lib/python3.4/site-packages/behave/model.py", line 1903, in run
    self.func(context, *args, **kwargs)
  File "steps/step_audio.py", line 13, in step_impl
    Audio().click_audio_mine_ele()
  File "/home/ogq/pateo/AT/ATP/autotestproject/actions/audio.py", line 348, in click_audio_mine_ele
    Utils().raise_Exception_info('我的音乐库控件不存在')
  File "/home/ogq/pateo/AT/ATP/autotestproject/utils/utils.py", line 110, in raise_Exception_info
    raise Exception('用例运行失败，' + err_msg + '请参考截图信息: file:///' + png_path)
Exception: 用例运行失败，我的音乐库控件不存在请参考截图信息: file:////home/ogq/pateo/AT/autotestLog/20160906/screenshots/20160906143230.png

Captured stdout:
/home/ogq/pateo/AT/autotestLog/20160906/screenshots/20160906143230.png
开始检查应用是否crash


功能: 收音机暂停验证收音机状态

  场景: 收音机暂停验证收音机状态
    当 < 打开收音机应用 ... passed in 0.688s
    当 < 打开FM_AM选择界面 ... passed in 0.889s
    当 < 随机播放FM节目 ... passed in 4.020s
      | o_result |
      | o_name   |
    当 < 播放或暂停FM电台 ... passed in 0.986s
    那么 < 验证电台是否播放 ... passed in 2.083s
      | chk_is_playing |
      | false          |

功能: u盘音乐到蓝牙音乐

  场景: u盘音乐到蓝牙音乐
    当 < 打开音乐应用 ... passed in 0.589s
    当 < 打开我的音乐库 ... passed in 0.921s
    当 < 播放U盘音乐 ... passed in 2.560s
    那么 < 验证当前为U盘音乐 ... passed in 0.868s
    当 < 延时 ... passed in 10.009s
      | sleep_time |
      | 10         |
    那么 < 验证音乐是否播放 ... passed in 4.020s
      | is_playing |
      | true       |
    当 < 播放蓝牙音乐 ... passed in 3.187s

