功能: 播放本地指定音乐并验证播放状态 # features/testcase-2016_09_0111_24_44_824840.feature:2

  场景: 播放本地指定音乐并验证播放状态  # features/testcase-2016_09_0111_24_44_824840.feature:3
    当 < 打开音乐应用         # steps/step_launcher.py:10
    当 < 打开我的音乐库        # steps/step_audio.py:11
    当 < 播放本地指定音乐       # steps/step_audio.py:15
      | music_name |
      | 小城故事       |
    那么 < 验证音乐名称一致      # steps/step_audio.py:36
      | chk_music_name |
      | 小城故事           |
    那么 < 验证歌手名字一致      # steps/step_audio.py:53
      | chk_artist |
      | 邓丽君        |
    那么 < 验证音乐是否播放      # steps/step_audio.py:74
      | is_playing |
      | true       |

功能: 暂停音乐并验证播放状态暂停 # features/testcase-2016_09_0111_24_44_872010.feature:2

  场景: 暂停音乐并验证播放状态暂停  # features/testcase-2016_09_0111_24_44_872010.feature:3
    当 < 打开音乐应用       # steps/step_launcher.py:10
    当 < 打开我的音乐库      # steps/step_audio.py:11
    当 < 播放本地指定音乐     # steps/step_audio.py:15
      | music_name |
      | 小城故事       |
    当 < 播放或暂停音乐      # steps/step_audio.py:229
    那么 < 验证音乐是否播放    # steps/step_audio.py:74
      | is_playing |
      | false      |

功能: 收音机暂停验证收音机状态 # features/testcase-2016_09_0111_24_44_907773.feature:2

  场景: 收音机暂停验证收音机状态  # features/testcase-2016_09_0111_24_44_907773.feature:3
    当 < 打开收音机应用     # steps/step_launcher.py:14
    当 < 打开FM_AM选择界面 # steps/step_radio.py:10
    当 < 随机播放FM节目    # steps/step_radio.py:259
      | o_result |
      | o_name   |
    当 < 播放或暂停FM电台   # steps/step_radio.py:256
    那么 < 验证电台是否播放   # steps/step_radio.py:98
      | chk_is_playing |
      | false          |

功能: u盘音乐到蓝牙音乐 # features/testcase-2016_09_0111_24_44_947167.feature:2

  场景: u盘音乐到蓝牙音乐    # features/testcase-2016_09_0111_24_44_947167.feature:3
    当 < 打开音乐应用     # steps/step_launcher.py:10
    当 < 打开我的音乐库    # steps/step_audio.py:11
    当 < 播放U盘音乐     # steps/step_audio.py:204
    那么 < 验证当前为U盘音乐 # steps/step_audio.py:211
    当 < 延时         # steps/step_common.py:12
      | sleep_time |
      | 10         |
    那么 < 验证音乐是否播放  # steps/step_audio.py:74
      | is_playing |
      | true       |
    当 < 打开我的音乐库    # steps/step_audio.py:11
    当 < 播放蓝牙音乐     # steps/step_audio.py:232
      Traceback (most recent call last):
        File "/usr/local/lib/python3.4/site-packages/behave/model.py", line 1456, in run
          match.run(runner.context)
        File "/usr/local/lib/python3.4/site-packages/behave/model.py", line 1903, in run
          self.func(context, *args, **kwargs)
        File "steps/step_audio.py", line 237, in step_impl
          Audio().click_audio_mine_bluetooth_play_ele()
        File "/home/ogq/pateo/AT/ATP/autotestproject/actions/audio.py", line 631, in click_audio_mine_bluetooth_play_ele
          ele = self.__get_audio_mine_bluetooth_play_ele()
        File "/home/ogq/pateo/AT/ATP/autotestproject/actions/audio.py", line 187, in __get_audio_mine_bluetooth_play_ele
          Utils().raise_Exception_info('蓝牙音乐控件不存在')
        File "/home/ogq/pateo/AT/ATP/autotestproject/utils/utils.py", line 106, in raise_Exception_info
          raise Exception('用例运行失败，' + err_msg + '请参考截图信息: file:///' + png_path)
      Exception: 用例运行失败，蓝牙音乐控件不存在请参考截图信息: file:////home/ogq/pateo/AT/autotestLog/20160901/screenshots/20160901112743.png
      
      Captured stdout:
      /home/ogq/pateo/AT/autotestLog/20160901/screenshots/20160901112743.png
      开始检查应用是否crash


