功能: 播放本地指定音乐并验证播放状态

  场景: 播放本地指定音乐并验证播放状态
    当 < 打开音乐应用 ... passed in 0.591s
    当 < 打开我的音乐库 ... passed in 1.382s
    当 < 播放本地指定音乐 ... passed in 2.575s
      | music_name |
      | 小城故事       |
    那么 < 验证音乐名称一致 ... passed in 0.697s
      | chk_music_name |
      | 小城故事           |
    那么 < 验证歌手名字一致 ... passed in 0.211s
      | chk_artist |
      | 邓丽君        |
    那么 < 验证音乐是否播放 ... passed in 4.730s
      | is_playing |
      | true       |

功能: 收音机暂停验证收音机状态

  场景: 收音机暂停验证收音机状态
    当 < 打开收音机应用 ... passed in 0.620s
    当 < 打开FM_AM选择界面 ... passed in 0.702s
    当 < 随机播放FM节目 ... passed in 4.344s
      | o_result |
      | o_name   |
    当 < 播放或暂停FM电台 ... passed in 0.849s
    那么 < 验证电台是否播放 ... passed in 2.075s
      | chk_is_playing |
      | false          |

