功能: 播放本地指定音乐并验证播放状态

  场景: 播放本地指定音乐并验证播放状态
    当 < 打开音乐应用 ... passed in 0.510s
    当 < 打开我的音乐库 ... passed in 0.833s
    当 < 播放本地指定音乐 ... passed in 22.275s
      | music_name |
      | 小城故事       |
    那么 < 验证音乐名称一致 ... passed in 0.622s
      | chk_music_name |
      | 小城故事           |
    那么 < 验证歌手名字一致 ... passed in 0.215s
      | chk_artist |
      | 邓丽君        |
    那么 < 验证音乐是否播放 ... passed in 4.754s
      | is_playing |
      | true       |

功能: 暂停音乐并验证播放状态暂停

  场景: 暂停音乐并验证播放状态暂停
    当 < 打开音乐应用 ... passed in 0.726s
    当 < 打开我的音乐库 ... passed in 0.976s
    当 < 播放本地指定音乐 ... passed in 2.906s
      | music_name |
      | 小城故事       |
    当 < 播放或暂停音乐 ... passed in 0.832s
    那么 < 验证音乐是否播放 ... passed in 4.217s
      | is_playing |
      | false      |

功能: 收音机暂停验证收音机状态

  场景: 收音机暂停验证收音机状态
    当 < 打开收音机应用 ... passed in 0.545s
    当 < 打开FM_AM选择界面 ... passed in 0.825s
    当 < 随机播放FM节目 ... passed in 5.772s
      | o_result |
      | o_name   |
    当 < 播放或暂停FM电台 ... passed in 0.889s
    那么 < 验证电台是否播放 ... passed in 2.082s
      | chk_is_playing |
      | false          |

功能: u盘音乐到蓝牙音乐

  场景: u盘音乐到蓝牙音乐
    当 < 打开音乐应用 ... passed in 0.513s
    当 < 打开我的音乐库 ... passed in 0.911s
    当 < 播放U盘音乐 ... passed in 2.447s
    那么 < 验证当前为U盘音乐 ... passed in 0.885s
    当 < 延时 ... passed in 10.009s
      | sleep_time |
      | 10         |
    那么 < 验证音乐是否播放 ... passed in 4.208s
      | is_playing |
      | true       |
    当 < 播放蓝牙音乐 ... passed in 3.164s

