功能: 收音机暂停验证收音机状态

  场景: 收音机暂停验证收音机状态
    当 < 打开收音机应用 ... passed in 0.609s
    当 < 打开FM_AM选择界面 ... passed in 3.722s
    当 < 随机播放FM节目 ... failed in 11.246s
Traceback (most recent call last):
  File "/usr/local/lib/python3.4/site-packages/behave/model.py", line 1456, in run
    match.run(runner.context)
  File "/usr/local/lib/python3.4/site-packages/behave/model.py", line 1903, in run
    self.func(context, *args, **kwargs)
  File "steps/step_radio.py", line 263, in step_impl
    Radio().click_radio_selector_fm_ele()
  File "/home/ogq/pateo/AT/ATP/autotestproject/actions/radio.py", line 277, in click_radio_selector_fm_ele
    Utils().raise_Exception_info('FM选择tab控件不存在')
  File "/home/ogq/pateo/AT/ATP/autotestproject/utils/utils.py", line 112, in raise_Exception_info
    raise Exception('用例运行失败，' + err_msg + '请参考截图信息: file:///' + png_path)
Exception: 用例运行失败，FM选择tab控件不存在请参考截图信息: file:////home/ogq/pateo/AT/autotestLog/20160912/screenshots/20160912153124.png

Captured stdout:
/home/ogq/pateo/AT/autotestLog/20160912/screenshots/20160912153124.png
开始检查应用是否crash

      | o_result |
      | o_name   |

